Flow report for ArchivoRegistros
Tue May 09 18:45:57 2023
Quartus Prime Version 18.1.0 Build 625 09/12/2018 SJ Lite Edition


---------------------
; Table of Contents ;
---------------------
  1. Legal Notice
  2. Flow Summary
  3. Flow Settings
  4. Flow Non-Default Global Settings
  5. Flow Elapsed Time
  6. Flow OS Summary
  7. Flow Log
  8. Flow Messages
  9. Flow Suppressed Messages



----------------
; Legal Notice ;
----------------
Copyright (C) 2018  Intel Corporation. All rights reserved.
Your use of Intel Corporation's design tools, logic functions 
and other software and tools, and its AMPP partner logic 
functions, and any output files from any of the foregoing 
(including device programming or simulation files), and any 
associated documentation or information are expressly subject 
to the terms and conditions of the Intel Program License 
Subscription Agreement, the Intel Quartus Prime License Agreement,
the Intel FPGA IP License Agreement, or other applicable license
agreement, including, without limitation, that your use is for
the sole purpose of programming logic devices manufactured by
Intel and sold by Intel or its authorized distributors.  Please
refer to the applicable agreement for further details.



+----------------------------------------------------------------------------------+
; Flow Summary                                                                     ;
+------------------------------------+---------------------------------------------+
; Flow Status                        ; Successful - Tue May 09 18:45:57 2023       ;
; Quartus Prime Version              ; 18.1.0 Build 625 09/12/2018 SJ Lite Edition ;
; Revision Name                      ; ArchivoRegistros                            ;
; Top-level Entity Name              ; MiQRObio                                    ;
; Family                             ; MAX 10                                      ;
; Device                             ; 10M50DAF484C7G                              ;
; Timing Models                      ; Final                                       ;
; Total logic elements               ; 548 / 49,760 ( 1 % )                        ;
;     Total combinational functions  ; 533 / 49,760 ( 1 % )                        ;
;     Dedicated logic registers      ; 122 / 49,760 ( < 1 % )                      ;
; Total registers                    ; 122                                         ;
; Total pins                         ; 125 / 360 ( 35 % )                          ;
; Total virtual pins                 ; 0                                           ;
; Total memory bits                  ; 2,048 / 1,677,312 ( < 1 % )                 ;
; Embedded Multiplier 9-bit elements ; 0 / 288 ( 0 % )                             ;
; Total PLLs                         ; 0 / 4 ( 0 % )                               ;
; UFM blocks                         ; 0 / 1 ( 0 % )                               ;
; ADC blocks                         ; 0 / 2 ( 0 % )                               ;
+------------------------------------+---------------------------------------------+


+-----------------------------------------+
; Flow Settings                           ;
+-------------------+---------------------+
; Option            ; Setting             ;
+-------------------+---------------------+
; Start date & time ; 05/09/2023 18:44:23 ;
; Main task         ; Compilation         ;
; Revision Name     ; ArchivoRegistros    ;
+-------------------+---------------------+


+--------------------------------------------------------------------------------------------------------------------------------+
; Flow Non-Default Global Settings                                                                                               ;
+-------------------------------------+----------------------------------------+------------------+-------------+----------------+
; Assignment Name                     ; Value                                  ; Default Value    ; Entity Name ; Section Id     ;
+-------------------------------------+----------------------------------------+------------------+-------------+----------------+
; COMPILER_SIGNATURE_ID               ; 185122850217898.168367946219108        ; --               ; --          ; --             ;
; EDA_OUTPUT_DATA_FORMAT              ; Vhdl                                   ; --               ; --          ; eda_simulation ;
; EDA_SIMULATION_TOOL                 ; ModelSim-Altera (VHDL)                 ; <None>           ; --          ; --             ;
; EDA_TIME_SCALE                      ; 1 ps                                   ; --               ; --          ; eda_simulation ;
; MAX_CORE_JUNCTION_TEMP              ; 85                                     ; --               ; --          ; --             ;
; MIN_CORE_JUNCTION_TEMP              ; 0                                      ; --               ; --          ; --             ;
; MISC_FILE                           ; RAM_8bit.bsf                           ; --               ; --          ; --             ;
; MISC_FILE                           ; RAM_8bit_inst.vhd                      ; --               ; --          ; --             ;
; MISC_FILE                           ; RAM_8bit.inc                           ; --               ; --          ; --             ;
; MISC_FILE                           ; RAM_8bit.cmp                           ; --               ; --          ; --             ;
; PARTITION_COLOR                     ; -- (Not supported for targeted family) ; --               ; MiQRObio    ; Top            ;
; PARTITION_FITTER_PRESERVATION_LEVEL ; -- (Not supported for targeted family) ; --               ; MiQRObio    ; Top            ;
; PARTITION_NETLIST_TYPE              ; -- (Not supported for targeted family) ; --               ; MiQRObio    ; Top            ;
; POWER_BOARD_THERMAL_MODEL           ; None (CONSERVATIVE)                    ; --               ; --          ; --             ;
; POWER_PRESET_COOLING_SOLUTION       ; 23 MM HEAT SINK WITH 200 LFPM AIRFLOW  ; --               ; --          ; --             ;
; PROJECT_OUTPUT_DIRECTORY            ; output_files                           ; --               ; --          ; --             ;
; TOP_LEVEL_ENTITY                    ; MiQRObio                               ; ArchivoRegistros ; --          ; --             ;
+-------------------------------------+----------------------------------------+------------------+-------------+----------------+


+--------------------------------------------------------------------------------------------------------------------------+
; Flow Elapsed Time                                                                                                        ;
+----------------------+--------------+-------------------------+---------------------+------------------------------------+
; Module Name          ; Elapsed Time ; Average Processors Used ; Peak Virtual Memory ; Total CPU Time (on all processors) ;
+----------------------+--------------+-------------------------+---------------------+------------------------------------+
; Analysis & Synthesis ; 00:00:21     ; 1.0                     ; 4835 MB             ; 00:00:38                           ;
; Fitter               ; 00:00:56     ; 1.1                     ; 5979 MB             ; 00:01:05                           ;
; Assembler            ; 00:00:04     ; 1.0                     ; 4682 MB             ; 00:00:04                           ;
; Timing Analyzer      ; 00:00:07     ; 1.4                     ; 4870 MB             ; 00:00:08                           ;
; EDA Netlist Writer   ; 00:00:03     ; 1.0                     ; 4663 MB             ; 00:00:03                           ;
; Total                ; 00:01:31     ; --                      ; --                  ; 00:01:58                           ;
+----------------------+--------------+-------------------------+---------------------+------------------------------------+


+------------------------------------------------------------------------------------+
; Flow OS Summary                                                                    ;
+----------------------+------------------+------------+------------+----------------+
; Module Name          ; Machine Hostname ; OS Name    ; OS Version ; Processor type ;
+----------------------+------------------+------------+------------+----------------+
; Analysis & Synthesis ; LAPTOP-2UPS7U70  ; Windows 10 ; 10.0       ; x86_64         ;
; Fitter               ; LAPTOP-2UPS7U70  ; Windows 10 ; 10.0       ; x86_64         ;
; Assembler            ; LAPTOP-2UPS7U70  ; Windows 10 ; 10.0       ; x86_64         ;
; Timing Analyzer      ; LAPTOP-2UPS7U70  ; Windows 10 ; 10.0       ; x86_64         ;
; EDA Netlist Writer   ; LAPTOP-2UPS7U70  ; Windows 10 ; 10.0       ; x86_64         ;
+----------------------+------------------+------------+------------+----------------+


------------
; Flow Log ;
------------
quartus_map --read_settings_files=on --write_settings_files=off ArchivoRegistros -c ArchivoRegistros
quartus_fit --read_settings_files=off --write_settings_files=off ArchivoRegistros -c ArchivoRegistros
quartus_asm --read_settings_files=off --write_settings_files=off ArchivoRegistros -c ArchivoRegistros
quartus_sta ArchivoRegistros -c ArchivoRegistros
quartus_eda --read_settings_files=off --write_settings_files=off ArchivoRegistros -c ArchivoRegistros



