Analysis & Synthesis report for ArchivoRegistros
Tue May 09 18:44:42 2023
Quartus Prime Version 18.1.0 Build 625 09/12/2018 SJ Lite Edition


---------------------
; Table of Contents ;
---------------------
  1. Legal Notice
  2. Analysis & Synthesis Summary
  3. Analysis & Synthesis Settings
  4. Parallel Compilation
  5. Analysis & Synthesis Source Files Read
  6. Analysis & Synthesis Resource Usage Summary
  7. Analysis & Synthesis Resource Utilization by Entity
  8. Analysis & Synthesis RAM Summary
  9. Analysis & Synthesis IP Cores Summary
 10. General Register Statistics
 11. Multiplexer Restructuring Statistics (Restructuring Performed)
 12. Source assignments for RAM_8bit:RAM|altsyncram:altsyncram_component|altsyncram_1jo3:auto_generated
 13. Parameter Settings for User Entity Instance: RAM_8bit:RAM|altsyncram:altsyncram_component
 14. altsyncram Parameter Settings by Entity Instance
 15. Post-Synthesis Netlist Statistics for Top Partition
 16. Elapsed Time Per Partition
 17. Analysis & Synthesis Messages



----------------
; Legal Notice ;
----------------
Copyright (C) 2018  Intel Corporation. All rights reserved.
Your use of Intel Corporation's design tools, logic functions 
and other software and tools, and its AMPP partner logic 
functions, and any output files from any of the foregoing 
(including device programming or simulation files), and any 
associated documentation or information are expressly subject 
to the terms and conditions of the Intel Program License 
Subscription Agreement, the Intel Quartus Prime License Agreement,
the Intel FPGA IP License Agreement, or other applicable license
agreement, including, without limitation, that your use is for
the sole purpose of programming logic devices manufactured by
Intel and sold by Intel or its authorized distributors.  Please
refer to the applicable agreement for further details.



+----------------------------------------------------------------------------------+
; Analysis & Synthesis Summary                                                     ;
+------------------------------------+---------------------------------------------+
; Analysis & Synthesis Status        ; Successful - Tue May 09 18:44:42 2023       ;
; Quartus Prime Version              ; 18.1.0 Build 625 09/12/2018 SJ Lite Edition ;
; Revision Name                      ; ArchivoRegistros                            ;
; Top-level Entity Name              ; MiQRObio                                    ;
; Family                             ; MAX 10                                      ;
; Total logic elements               ; 566                                         ;
;     Total combinational functions  ; 532                                         ;
;     Dedicated logic registers      ; 122                                         ;
; Total registers                    ; 122                                         ;
; Total pins                         ; 125                                         ;
; Total virtual pins                 ; 0                                           ;
; Total memory bits                  ; 2,048                                       ;
; Embedded Multiplier 9-bit elements ; 0                                           ;
; Total PLLs                         ; 0                                           ;
; UFM blocks                         ; 0                                           ;
; ADC blocks                         ; 0                                           ;
+------------------------------------+---------------------------------------------+


+------------------------------------------------------------------------------------------------------------+
; Analysis & Synthesis Settings                                                                              ;
+------------------------------------------------------------------+--------------------+--------------------+
; Option                                                           ; Setting            ; Default Value      ;
+------------------------------------------------------------------+--------------------+--------------------+
; Device                                                           ; 10M50DAF484C7G     ;                    ;
; Top-level entity name                                            ; MiQRObio           ; ArchivoRegistros   ;
; Family name                                                      ; MAX 10             ; Cyclone V          ;
; Use smart compilation                                            ; Off                ; Off                ;
; Enable parallel Assembler and Timing Analyzer during compilation ; On                 ; On                 ;
; Enable compact report table                                      ; Off                ; Off                ;
; Restructure Multiplexers                                         ; Auto               ; Auto               ;
; Create Debugging Nodes for IP Cores                              ; Off                ; Off                ;
; Preserve fewer node names                                        ; On                 ; On                 ;
; Intel FPGA IP Evaluation Mode                                    ; Enable             ; Enable             ;
; Verilog Version                                                  ; Verilog_2001       ; Verilog_2001       ;
; VHDL Version                                                     ; VHDL_1993          ; VHDL_1993          ;
; State Machine Processing                                         ; Auto               ; Auto               ;
; Safe State Machine                                               ; Off                ; Off                ;
; Extract Verilog State Machines                                   ; On                 ; On                 ;
; Extract VHDL State Machines                                      ; On                 ; On                 ;
; Ignore Verilog initial constructs                                ; Off                ; Off                ;
; Iteration limit for constant Verilog loops                       ; 5000               ; 5000               ;
; Iteration limit for non-constant Verilog loops                   ; 250                ; 250                ;
; Add Pass-Through Logic to Inferred RAMs                          ; On                 ; On                 ;
; Infer RAMs from Raw Logic                                        ; On                 ; On                 ;
; Parallel Synthesis                                               ; On                 ; On                 ;
; DSP Block Balancing                                              ; Auto               ; Auto               ;
; NOT Gate Push-Back                                               ; On                 ; On                 ;
; Power-Up Don't Care                                              ; On                 ; On                 ;
; Remove Redundant Logic Cells                                     ; Off                ; Off                ;
; Remove Duplicate Registers                                       ; On                 ; On                 ;
; Ignore CARRY Buffers                                             ; Off                ; Off                ;
; Ignore CASCADE Buffers                                           ; Off                ; Off                ;
; Ignore GLOBAL Buffers                                            ; Off                ; Off                ;
; Ignore ROW GLOBAL Buffers                                        ; Off                ; Off                ;
; Ignore LCELL Buffers                                             ; Off                ; Off                ;
; Ignore SOFT Buffers                                              ; On                 ; On                 ;
; Limit AHDL Integers to 32 Bits                                   ; Off                ; Off                ;
; Optimization Technique                                           ; Balanced           ; Balanced           ;
; Carry Chain Length                                               ; 70                 ; 70                 ;
; Auto Carry Chains                                                ; On                 ; On                 ;
; Auto Open-Drain Pins                                             ; On                 ; On                 ;
; Perform WYSIWYG Primitive Resynthesis                            ; Off                ; Off                ;
; Auto ROM Replacement                                             ; On                 ; On                 ;
; Auto RAM Replacement                                             ; On                 ; On                 ;
; Auto DSP Block Replacement                                       ; On                 ; On                 ;
; Auto Shift Register Replacement                                  ; Auto               ; Auto               ;
; Allow Shift Register Merging across Hierarchies                  ; Auto               ; Auto               ;
; Auto Clock Enable Replacement                                    ; On                 ; On                 ;
; Strict RAM Replacement                                           ; Off                ; Off                ;
; Allow Synchronous Control Signals                                ; On                 ; On                 ;
; Force Use of Synchronous Clear Signals                           ; Off                ; Off                ;
; Auto RAM Block Balancing                                         ; On                 ; On                 ;
; Auto RAM to Logic Cell Conversion                                ; Off                ; Off                ;
; Auto Resource Sharing                                            ; Off                ; Off                ;
; Allow Any RAM Size For Recognition                               ; Off                ; Off                ;
; Allow Any ROM Size For Recognition                               ; Off                ; Off                ;
; Allow Any Shift Register Size For Recognition                    ; Off                ; Off                ;
; Use LogicLock Constraints during Resource Balancing              ; On                 ; On                 ;
; Ignore translate_off and synthesis_off directives                ; Off                ; Off                ;
; Timing-Driven Synthesis                                          ; On                 ; On                 ;
; Report Parameter Settings                                        ; On                 ; On                 ;
; Report Source Assignments                                        ; On                 ; On                 ;
; Report Connectivity Checks                                       ; On                 ; On                 ;
; Ignore Maximum Fan-Out Assignments                               ; Off                ; Off                ;
; Synchronization Register Chain Length                            ; 2                  ; 2                  ;
; Power Optimization During Synthesis                              ; Normal compilation ; Normal compilation ;
; HDL message level                                                ; Level2             ; Level2             ;
; Suppress Register Optimization Related Messages                  ; Off                ; Off                ;
; Number of Removed Registers Reported in Synthesis Report         ; 5000               ; 5000               ;
; Number of Swept Nodes Reported in Synthesis Report               ; 5000               ; 5000               ;
; Number of Inverted Registers Reported in Synthesis Report        ; 100                ; 100                ;
; Clock MUX Protection                                             ; On                 ; On                 ;
; Auto Gated Clock Conversion                                      ; Off                ; Off                ;
; Block Design Naming                                              ; Auto               ; Auto               ;
; SDC constraint protection                                        ; Off                ; Off                ;
; Synthesis Effort                                                 ; Auto               ; Auto               ;
; Shift Register Replacement - Allow Asynchronous Clear Signal     ; On                 ; On                 ;
; Pre-Mapping Resynthesis Optimization                             ; Off                ; Off                ;
; Analysis & Synthesis Message Level                               ; Medium             ; Medium             ;
; Disable Register Merging Across Hierarchies                      ; Auto               ; Auto               ;
; Resource Aware Inference For Block RAM                           ; On                 ; On                 ;
+------------------------------------------------------------------+--------------------+--------------------+


+------------------------------------------+
; Parallel Compilation                     ;
+----------------------------+-------------+
; Processors                 ; Number      ;
+----------------------------+-------------+
; Number detected on machine ; 8           ;
; Maximum allowed            ; 8           ;
;                            ;             ;
; Average used               ; 1.00        ;
; Maximum used               ; 8           ;
;                            ;             ;
; Usage by Processor         ; % Time Used ;
;     Processor 1            ; 100.0%      ;
;     Processor 2            ;   0.0%      ;
;     Processor 3            ;   0.0%      ;
;     Processor 4            ;   0.0%      ;
;     Processor 5            ;   0.0%      ;
;     Processor 6            ;   0.0%      ;
;     Processor 7            ;   0.0%      ;
;     Processor 8            ;   0.0%      ;
+----------------------------+-------------+


+-------------------------------------------------------------------------------------------------------------------------------------------------------------------------------------+
; Analysis & Synthesis Source Files Read                                                                                                                                              ;
+----------------------------------+-----------------+------------------------------------+---------------------------------------------------------------------------------+---------+
; File Name with User-Entered Path ; Used in Netlist ; File Type                          ; File Name with Absolute Path                                                    ; Library ;
+----------------------------------+-----------------+------------------------------------+---------------------------------------------------------------------------------+---------+
; ALU.tdf                          ; yes             ; User AHDL File                     ; C:/Proyectos/SISTEMAS EMBEBIDOS/PROYECTO_FINAL/Embebidos/ALU.tdf                ;         ;
; ArchivoRegistros.tdf             ; yes             ; User AHDL File                     ; C:/Proyectos/SISTEMAS EMBEBIDOS/PROYECTO_FINAL/Embebidos/ArchivoRegistros.tdf   ;         ;
; RegUnivEn.tdf                    ; yes             ; User AHDL File                     ; C:/Proyectos/SISTEMAS EMBEBIDOS/PROYECTO_FINAL/Embebidos/RegUnivEn.tdf          ;         ;
; RegLoad.tdf                      ; yes             ; User AHDL File                     ; C:/Proyectos/SISTEMAS EMBEBIDOS/PROYECTO_FINAL/Embebidos/RegLoad.tdf            ;         ;
; MiQRObio.bdf                     ; yes             ; User Block Diagram/Schematic File  ; C:/Proyectos/SISTEMAS EMBEBIDOS/PROYECTO_FINAL/Embebidos/MiQRObio.bdf           ;         ;
; RAM_8bit.vhd                     ; yes             ; User Wizard-Generated File         ; C:/Proyectos/SISTEMAS EMBEBIDOS/PROYECTO_FINAL/Embebidos/RAM_8bit.vhd           ;         ;
; altsyncram.tdf                   ; yes             ; Megafunction                       ; c:/intelfpga_lite/18.1/quartus/libraries/megafunctions/altsyncram.tdf           ;         ;
; stratix_ram_block.inc            ; yes             ; Megafunction                       ; c:/intelfpga_lite/18.1/quartus/libraries/megafunctions/stratix_ram_block.inc    ;         ;
; lpm_mux.inc                      ; yes             ; Megafunction                       ; c:/intelfpga_lite/18.1/quartus/libraries/megafunctions/lpm_mux.inc              ;         ;
; lpm_decode.inc                   ; yes             ; Megafunction                       ; c:/intelfpga_lite/18.1/quartus/libraries/megafunctions/lpm_decode.inc           ;         ;
; aglobal181.inc                   ; yes             ; Megafunction                       ; c:/intelfpga_lite/18.1/quartus/libraries/megafunctions/aglobal181.inc           ;         ;
; a_rdenreg.inc                    ; yes             ; Megafunction                       ; c:/intelfpga_lite/18.1/quartus/libraries/megafunctions/a_rdenreg.inc            ;         ;
; altrom.inc                       ; yes             ; Megafunction                       ; c:/intelfpga_lite/18.1/quartus/libraries/megafunctions/altrom.inc               ;         ;
; altram.inc                       ; yes             ; Megafunction                       ; c:/intelfpga_lite/18.1/quartus/libraries/megafunctions/altram.inc               ;         ;
; altdpram.inc                     ; yes             ; Megafunction                       ; c:/intelfpga_lite/18.1/quartus/libraries/megafunctions/altdpram.inc             ;         ;
; db/altsyncram_1jo3.tdf           ; yes             ; Auto-Generated Megafunction        ; C:/Proyectos/SISTEMAS EMBEBIDOS/PROYECTO_FINAL/Embebidos/db/altsyncram_1jo3.tdf ;         ;
+----------------------------------+-----------------+------------------------------------+---------------------------------------------------------------------------------+---------+


+-----------------------------------------------------------+
; Analysis & Synthesis Resource Usage Summary               ;
+---------------------------------------------+-------------+
; Resource                                    ; Usage       ;
+---------------------------------------------+-------------+
; Estimated Total logic elements              ; 566         ;
;                                             ;             ;
; Total combinational functions               ; 532         ;
; Logic element usage by number of LUT inputs ;             ;
;     -- 4 input functions                    ; 291         ;
;     -- 3 input functions                    ; 142         ;
;     -- <=2 input functions                  ; 99          ;
;                                             ;             ;
; Logic elements by mode                      ;             ;
;     -- normal mode                          ; 434         ;
;     -- arithmetic mode                      ; 98          ;
;                                             ;             ;
; Total registers                             ; 122         ;
;     -- Dedicated logic registers            ; 122         ;
;     -- I/O registers                        ; 0           ;
;                                             ;             ;
; I/O pins                                    ; 125         ;
; Total memory bits                           ; 2048        ;
;                                             ;             ;
; Embedded Multiplier 9-bit elements          ; 0           ;
;                                             ;             ;
; Maximum fan-out node                        ; Reloj~input ;
; Maximum fan-out                             ; 130         ;
; Total fan-out                               ; 2515        ;
; Average fan-out                             ; 2.76        ;
+---------------------------------------------+-------------+


+--------------------------------------------------------------------------------------------------------------------------------------------------------------------------------------------------------------------------------------------------------------------------------------------------------------------------+
; Analysis & Synthesis Resource Utilization by Entity                                                                                                                                                                                                                                                                      ;
+-------------------------------------------+---------------------+---------------------------+-------------+------------+--------------+---------+-----------+------+--------------+------------+---------------------------------------------------------------------------------------+------------------+--------------+
; Compilation Hierarchy Node                ; Combinational ALUTs ; Dedicated Logic Registers ; Memory Bits ; UFM Blocks ; DSP Elements ; DSP 9x9 ; DSP 18x18 ; Pins ; Virtual Pins ; ADC blocks ; Full Hierarchy Name                                                                   ; Entity Name      ; Library Name ;
+-------------------------------------------+---------------------+---------------------------+-------------+------------+--------------+---------+-----------+------+--------------+------------+---------------------------------------------------------------------------------------+------------------+--------------+
; |MiQRObio                                 ; 532 (0)             ; 122 (0)                   ; 2048        ; 0          ; 0            ; 0       ; 0         ; 125  ; 0            ; 0          ; |MiQRObio                                                                             ; MiQRObio         ; work         ;
;    |ArchivoRegistros:Arch|                ; 532 (123)           ; 122 (0)                   ; 0           ; 0          ; 0            ; 0       ; 0         ; 0    ; 0            ; 0          ; |MiQRObio|ArchivoRegistros:Arch                                                       ; ArchivoRegistros ; work         ;
;       |ALU:ALU_prueba|                    ; 8 (8)               ; 0 (0)                     ; 0           ; 0          ; 0            ; 0       ; 0         ; 0    ; 0            ; 0          ; |MiQRObio|ArchivoRegistros:Arch|ALU:ALU_prueba                                        ; ALU              ; work         ;
;       |RegLoad:BP|                        ; 0 (0)               ; 8 (8)                     ; 0           ; 0          ; 0            ; 0       ; 0         ; 0    ; 0            ; 0          ; |MiQRObio|ArchivoRegistros:Arch|RegLoad:BP                                            ; RegLoad          ; work         ;
;       |RegLoad:DST|                       ; 0 (0)               ; 5 (5)                     ; 0           ; 0          ; 0            ; 0       ; 0         ; 0    ; 0            ; 0          ; |MiQRObio|ArchivoRegistros:Arch|RegLoad:DST                                           ; RegLoad          ; work         ;
;       |RegLoad:IR|                        ; 0 (0)               ; 8 (8)                     ; 0           ; 0          ; 0            ; 0       ; 0         ; 0    ; 0            ; 0          ; |MiQRObio|ArchivoRegistros:Arch|RegLoad:IR                                            ; RegLoad          ; work         ;
;       |RegLoad:MAR|                       ; 8 (8)               ; 8 (8)                     ; 0           ; 0          ; 0            ; 0       ; 0         ; 0    ; 0            ; 0          ; |MiQRObio|ArchivoRegistros:Arch|RegLoad:MAR                                           ; RegLoad          ; work         ;
;       |RegLoad:MDR|                       ; 8 (8)               ; 8 (8)                     ; 0           ; 0          ; 0            ; 0       ; 0         ; 0    ; 0            ; 0          ; |MiQRObio|ArchivoRegistros:Arch|RegLoad:MDR                                           ; RegLoad          ; work         ;
;       |RegLoad:SRC|                       ; 0 (0)               ; 5 (5)                     ; 0           ; 0          ; 0            ; 0       ; 0         ; 0    ; 0            ; 0          ; |MiQRObio|ArchivoRegistros:Arch|RegLoad:SRC                                           ; RegLoad          ; work         ;
;       |RegLoad:alu_r|                     ; 0 (0)               ; 8 (8)                     ; 0           ; 0          ; 0            ; 0       ; 0         ; 0    ; 0            ; 0          ; |MiQRObio|ArchivoRegistros:Arch|RegLoad:alu_r                                         ; RegLoad          ; work         ;
;       |RegLoad:alu_x|                     ; 0 (0)               ; 8 (8)                     ; 0           ; 0          ; 0            ; 0       ; 0         ; 0    ; 0            ; 0          ; |MiQRObio|ArchivoRegistros:Arch|RegLoad:alu_x                                         ; RegLoad          ; work         ;
;       |RegLoad:alu_y|                     ; 0 (0)               ; 8 (8)                     ; 0           ; 0          ; 0            ; 0       ; 0         ; 0    ; 0            ; 0          ; |MiQRObio|ArchivoRegistros:Arch|RegLoad:alu_y                                         ; RegLoad          ; work         ;
;       |RegUnivEn:Ax|                      ; 55 (55)             ; 8 (8)                     ; 0           ; 0          ; 0            ; 0       ; 0         ; 0    ; 0            ; 0          ; |MiQRObio|ArchivoRegistros:Arch|RegUnivEn:Ax                                          ; RegUnivEn        ; work         ;
;       |RegUnivEn:Bx|                      ; 55 (55)             ; 8 (8)                     ; 0           ; 0          ; 0            ; 0       ; 0         ; 0    ; 0            ; 0          ; |MiQRObio|ArchivoRegistros:Arch|RegUnivEn:Bx                                          ; RegUnivEn        ; work         ;
;       |RegUnivEn:Cx|                      ; 55 (55)             ; 8 (8)                     ; 0           ; 0          ; 0            ; 0       ; 0         ; 0    ; 0            ; 0          ; |MiQRObio|ArchivoRegistros:Arch|RegUnivEn:Cx                                          ; RegUnivEn        ; work         ;
;       |RegUnivEn:DI|                      ; 55 (55)             ; 8 (8)                     ; 0           ; 0          ; 0            ; 0       ; 0         ; 0    ; 0            ; 0          ; |MiQRObio|ArchivoRegistros:Arch|RegUnivEn:DI                                          ; RegUnivEn        ; work         ;
;       |RegUnivEn:PC|                      ; 55 (55)             ; 8 (8)                     ; 0           ; 0          ; 0            ; 0       ; 0         ; 0    ; 0            ; 0          ; |MiQRObio|ArchivoRegistros:Arch|RegUnivEn:PC                                          ; RegUnivEn        ; work         ;
;       |RegUnivEn:SI|                      ; 55 (55)             ; 8 (8)                     ; 0           ; 0          ; 0            ; 0       ; 0         ; 0    ; 0            ; 0          ; |MiQRObio|ArchivoRegistros:Arch|RegUnivEn:SI                                          ; RegUnivEn        ; work         ;
;       |RegUnivEn:SP|                      ; 55 (55)             ; 8 (8)                     ; 0           ; 0          ; 0            ; 0       ; 0         ; 0    ; 0            ; 0          ; |MiQRObio|ArchivoRegistros:Arch|RegUnivEn:SP                                          ; RegUnivEn        ; work         ;
;    |RAM_8bit:RAM|                         ; 0 (0)               ; 0 (0)                     ; 2048        ; 0          ; 0            ; 0       ; 0         ; 0    ; 0            ; 0          ; |MiQRObio|RAM_8bit:RAM                                                                ; RAM_8bit         ; work         ;
;       |altsyncram:altsyncram_component|   ; 0 (0)               ; 0 (0)                     ; 2048        ; 0          ; 0            ; 0       ; 0         ; 0    ; 0            ; 0          ; |MiQRObio|RAM_8bit:RAM|altsyncram:altsyncram_component                                ; altsyncram       ; work         ;
;          |altsyncram_1jo3:auto_generated| ; 0 (0)               ; 0 (0)                     ; 2048        ; 0          ; 0            ; 0       ; 0         ; 0    ; 0            ; 0          ; |MiQRObio|RAM_8bit:RAM|altsyncram:altsyncram_component|altsyncram_1jo3:auto_generated ; altsyncram_1jo3  ; work         ;
+-------------------------------------------+---------------------+---------------------------+-------------+------------+--------------+---------+-----------+------+--------------+------------+---------------------------------------------------------------------------------------+------------------+--------------+
Note: For table entries with two numbers listed, the numbers in parentheses indicate the number of resources of the given type used by the specific entity alone. The numbers listed outside of parentheses indicate the total resources of the given type used by the specific entity and all of its sub-entities in the hierarchy.


+---------------------------------------------------------------------------------------------------------------------------------------------------------------------------------------+
; Analysis & Synthesis RAM Summary                                                                                                                                                      ;
+----------------------------------------------------------------------------------------+------+-------------+--------------+--------------+--------------+--------------+------+------+
; Name                                                                                   ; Type ; Mode        ; Port A Depth ; Port A Width ; Port B Depth ; Port B Width ; Size ; MIF  ;
+----------------------------------------------------------------------------------------+------+-------------+--------------+--------------+--------------+--------------+------+------+
; RAM_8bit:RAM|altsyncram:altsyncram_component|altsyncram_1jo3:auto_generated|ALTSYNCRAM ; AUTO ; Single Port ; 256          ; 8            ; --           ; --           ; 2048 ; None ;
+----------------------------------------------------------------------------------------+------+-------------+--------------+--------------+--------------+--------------+------+------+


+----------------------------------------------------------------------------------------------------------+
; Analysis & Synthesis IP Cores Summary                                                                    ;
+--------+--------------+---------+--------------+--------------+------------------------+-----------------+
; Vendor ; IP Core Name ; Version ; Release Date ; License Type ; Entity Instance        ; IP Include File ;
+--------+--------------+---------+--------------+--------------+------------------------+-----------------+
; Altera ; RAM: 1-PORT  ; 18.1    ; N/A          ; N/A          ; |MiQRObio|RAM_8bit:RAM ; RAM_8bit.vhd    ;
+--------+--------------+---------+--------------+--------------+------------------------+-----------------+


+------------------------------------------------------+
; General Register Statistics                          ;
+----------------------------------------------+-------+
; Statistic                                    ; Value ;
+----------------------------------------------+-------+
; Total registers                              ; 122   ;
; Number of registers using Synchronous Clear  ; 0     ;
; Number of registers using Synchronous Load   ; 0     ;
; Number of registers using Asynchronous Clear ; 122   ;
; Number of registers using Asynchronous Load  ; 0     ;
; Number of registers using Clock Enable       ; 66    ;
; Number of registers using Preset             ; 0     ;
+----------------------------------------------+-------+


+----------------------------------------------------------------------------------------------------------------------------------------------------------------+
; Multiplexer Restructuring Statistics (Restructuring Performed)                                                                                                 ;
+--------------------+-----------+---------------+----------------------+------------------------+------------+--------------------------------------------------+
; Multiplexer Inputs ; Bus Width ; Baseline Area ; Area if Restructured ; Saving if Restructured ; Registered ; Example Multiplexer Output                       ;
+--------------------+-----------+---------------+----------------------+------------------------+------------+--------------------------------------------------+
; 3:1                ; 8 bits    ; 16 LEs        ; 8 LEs                ; 8 LEs                  ; Yes        ; |MiQRObio|ArchivoRegistros:Arch|RegLoad:MAR|R[0] ;
; 3:1                ; 8 bits    ; 16 LEs        ; 8 LEs                ; 8 LEs                  ; Yes        ; |MiQRObio|ArchivoRegistros:Arch|RegLoad:MDR|R[2] ;
+--------------------+-----------+---------------+----------------------+------------------------+------------+--------------------------------------------------+


+----------------------------------------------------------------------------------------------------+
; Source assignments for RAM_8bit:RAM|altsyncram:altsyncram_component|altsyncram_1jo3:auto_generated ;
+---------------------------------+--------------------+------+--------------------------------------+
; Assignment                      ; Value              ; From ; To                                   ;
+---------------------------------+--------------------+------+--------------------------------------+
; OPTIMIZE_POWER_DURING_SYNTHESIS ; NORMAL_COMPILATION ; -    ; -                                    ;
+---------------------------------+--------------------+------+--------------------------------------+


+-------------------------------------------------------------------------------------------+
; Parameter Settings for User Entity Instance: RAM_8bit:RAM|altsyncram:altsyncram_component ;
+------------------------------------+----------------------+-------------------------------+
; Parameter Name                     ; Value                ; Type                          ;
+------------------------------------+----------------------+-------------------------------+
; BYTE_SIZE_BLOCK                    ; 8                    ; Untyped                       ;
; AUTO_CARRY_CHAINS                  ; ON                   ; AUTO_CARRY                    ;
; IGNORE_CARRY_BUFFERS               ; OFF                  ; IGNORE_CARRY                  ;
; AUTO_CASCADE_CHAINS                ; ON                   ; AUTO_CASCADE                  ;
; IGNORE_CASCADE_BUFFERS             ; OFF                  ; IGNORE_CASCADE                ;
; WIDTH_BYTEENA                      ; 1                    ; Untyped                       ;
; OPERATION_MODE                     ; SINGLE_PORT          ; Untyped                       ;
; WIDTH_A                            ; 8                    ; Signed Integer                ;
; WIDTHAD_A                          ; 8                    ; Signed Integer                ;
; NUMWORDS_A                         ; 256                  ; Signed Integer                ;
; OUTDATA_REG_A                      ; CLOCK0               ; Untyped                       ;
; ADDRESS_ACLR_A                     ; NONE                 ; Untyped                       ;
; OUTDATA_ACLR_A                     ; NONE                 ; Untyped                       ;
; WRCONTROL_ACLR_A                   ; NONE                 ; Untyped                       ;
; INDATA_ACLR_A                      ; NONE                 ; Untyped                       ;
; BYTEENA_ACLR_A                     ; NONE                 ; Untyped                       ;
; WIDTH_B                            ; 1                    ; Signed Integer                ;
; WIDTHAD_B                          ; 1                    ; Signed Integer                ;
; NUMWORDS_B                         ; 0                    ; Signed Integer                ;
; INDATA_REG_B                       ; CLOCK1               ; Untyped                       ;
; WRCONTROL_WRADDRESS_REG_B          ; CLOCK1               ; Untyped                       ;
; RDCONTROL_REG_B                    ; CLOCK1               ; Untyped                       ;
; ADDRESS_REG_B                      ; CLOCK1               ; Untyped                       ;
; OUTDATA_REG_B                      ; UNREGISTERED         ; Untyped                       ;
; BYTEENA_REG_B                      ; CLOCK1               ; Untyped                       ;
; INDATA_ACLR_B                      ; NONE                 ; Untyped                       ;
; WRCONTROL_ACLR_B                   ; NONE                 ; Untyped                       ;
; ADDRESS_ACLR_B                     ; NONE                 ; Untyped                       ;
; OUTDATA_ACLR_B                     ; NONE                 ; Untyped                       ;
; RDCONTROL_ACLR_B                   ; NONE                 ; Untyped                       ;
; BYTEENA_ACLR_B                     ; NONE                 ; Untyped                       ;
; WIDTH_BYTEENA_A                    ; 1                    ; Signed Integer                ;
; WIDTH_BYTEENA_B                    ; 1                    ; Signed Integer                ;
; RAM_BLOCK_TYPE                     ; AUTO                 ; Untyped                       ;
; BYTE_SIZE                          ; 8                    ; Signed Integer                ;
; READ_DURING_WRITE_MODE_MIXED_PORTS ; DONT_CARE            ; Untyped                       ;
; READ_DURING_WRITE_MODE_PORT_A      ; NEW_DATA_NO_NBE_READ ; Untyped                       ;
; READ_DURING_WRITE_MODE_PORT_B      ; NEW_DATA_NO_NBE_READ ; Untyped                       ;
; INIT_FILE                          ; UNUSED               ; Untyped                       ;
; INIT_FILE_LAYOUT                   ; PORT_A               ; Untyped                       ;
; MAXIMUM_DEPTH                      ; 0                    ; Signed Integer                ;
; CLOCK_ENABLE_INPUT_A               ; BYPASS               ; Untyped                       ;
; CLOCK_ENABLE_INPUT_B               ; NORMAL               ; Untyped                       ;
; CLOCK_ENABLE_OUTPUT_A              ; BYPASS               ; Untyped                       ;
; CLOCK_ENABLE_OUTPUT_B              ; NORMAL               ; Untyped                       ;
; CLOCK_ENABLE_CORE_A                ; USE_INPUT_CLKEN      ; Untyped                       ;
; CLOCK_ENABLE_CORE_B                ; USE_INPUT_CLKEN      ; Untyped                       ;
; ENABLE_ECC                         ; FALSE                ; Untyped                       ;
; ECC_PIPELINE_STAGE_ENABLED         ; FALSE                ; Untyped                       ;
; WIDTH_ECCSTATUS                    ; 3                    ; Signed Integer                ;
; DEVICE_FAMILY                      ; MAX 10               ; Untyped                       ;
; CBXI_PARAMETER                     ; altsyncram_1jo3      ; Untyped                       ;
+------------------------------------+----------------------+-------------------------------+
Note: In order to hide this table in the UI and the text report file, please set the "Show Parameter Settings in Synthesis Report" option in "Analysis and Synthesis Settings -> More Settings" to "Off".


+------------------------------------------------------------------------------------------+
; altsyncram Parameter Settings by Entity Instance                                         ;
+-------------------------------------------+----------------------------------------------+
; Name                                      ; Value                                        ;
+-------------------------------------------+----------------------------------------------+
; Number of entity instances                ; 1                                            ;
; Entity Instance                           ; RAM_8bit:RAM|altsyncram:altsyncram_component ;
;     -- OPERATION_MODE                     ; SINGLE_PORT                                  ;
;     -- WIDTH_A                            ; 8                                            ;
;     -- NUMWORDS_A                         ; 256                                          ;
;     -- OUTDATA_REG_A                      ; CLOCK0                                       ;
;     -- WIDTH_B                            ; 1                                            ;
;     -- NUMWORDS_B                         ; 0                                            ;
;     -- ADDRESS_REG_B                      ; CLOCK1                                       ;
;     -- OUTDATA_REG_B                      ; UNREGISTERED                                 ;
;     -- RAM_BLOCK_TYPE                     ; AUTO                                         ;
;     -- READ_DURING_WRITE_MODE_MIXED_PORTS ; DONT_CARE                                    ;
+-------------------------------------------+----------------------------------------------+


+-----------------------------------------------------+
; Post-Synthesis Netlist Statistics for Top Partition ;
+-----------------------+-----------------------------+
; Type                  ; Count                       ;
+-----------------------+-----------------------------+
; boundary_port         ; 125                         ;
; cycloneiii_ff         ; 122                         ;
;     CLR               ; 56                          ;
;     ENA CLR           ; 66                          ;
; cycloneiii_lcell_comb ; 532                         ;
;     arith             ; 98                          ;
;         2 data inputs ; 84                          ;
;         3 data inputs ; 14                          ;
;     normal            ; 434                         ;
;         1 data inputs ; 14                          ;
;         2 data inputs ; 1                           ;
;         3 data inputs ; 128                         ;
;         4 data inputs ; 291                         ;
; cycloneiii_ram_block  ; 8                           ;
;                       ;                             ;
; Max LUT depth         ; 8.00                        ;
; Average LUT depth     ; 5.48                        ;
+-----------------------+-----------------------------+


+-------------------------------+
; Elapsed Time Per Partition    ;
+----------------+--------------+
; Partition Name ; Elapsed Time ;
+----------------+--------------+
; Top            ; 00:00:02     ;
+----------------+--------------+


+-------------------------------+
; Analysis & Synthesis Messages ;
+-------------------------------+
Info: *******************************************************************
Info: Running Quartus Prime Analysis & Synthesis
    Info: Version 18.1.0 Build 625 09/12/2018 SJ Lite Edition
    Info: Processing started: Tue May 09 18:44:21 2023
Info: Command: quartus_map --read_settings_files=on --write_settings_files=off ArchivoRegistros -c ArchivoRegistros
Warning (18236): Number of processors has not been specified which may cause overloading on shared machines.  Set the global assignment NUM_PARALLEL_PROCESSORS in your QSF to an appropriate value for best performance.
Info (20030): Parallel compilation is enabled and will use 8 of the 8 processors detected
Info (12021): Found 1 design units, including 1 entities, in source file alu.tdf
    Info (12023): Found entity 1: ALU File: C:/Proyectos/SISTEMAS EMBEBIDOS/PROYECTO_FINAL/Embebidos/ALU.tdf Line: 1
Warning (287004): Group name "Salida" is missing brackets ([ ]) File: C:/Proyectos/SISTEMAS EMBEBIDOS/PROYECTO_FINAL/Embebidos/ArchivoRegistros.tdf Line: 79
Warning (287004): Group name "Salida" is missing brackets ([ ]) File: C:/Proyectos/SISTEMAS EMBEBIDOS/PROYECTO_FINAL/Embebidos/ArchivoRegistros.tdf Line: 79
Warning (287004): Group name "Dato" is missing brackets ([ ]) File: C:/Proyectos/SISTEMAS EMBEBIDOS/PROYECTO_FINAL/Embebidos/ArchivoRegistros.tdf Line: 93
Warning (287004): Group name "R" is missing brackets ([ ]) File: C:/Proyectos/SISTEMAS EMBEBIDOS/PROYECTO_FINAL/Embebidos/ArchivoRegistros.tdf Line: 93
Info (12021): Found 1 design units, including 1 entities, in source file archivoregistros.tdf
    Info (12023): Found entity 1: ArchivoRegistros File: C:/Proyectos/SISTEMAS EMBEBIDOS/PROYECTO_FINAL/Embebidos/ArchivoRegistros.tdf Line: 12
Info (12021): Found 1 design units, including 1 entities, in source file reguniven.tdf
    Info (12023): Found entity 1: RegUnivEn File: C:/Proyectos/SISTEMAS EMBEBIDOS/PROYECTO_FINAL/Embebidos/RegUnivEn.tdf Line: 1
Info (12021): Found 1 design units, including 1 entities, in source file regload.tdf
    Info (12023): Found entity 1: RegLoad File: C:/Proyectos/SISTEMAS EMBEBIDOS/PROYECTO_FINAL/Embebidos/RegLoad.tdf Line: 1
Info (12021): Found 1 design units, including 1 entities, in source file miqrobio.bdf
    Info (12023): Found entity 1: MiQRObio
Info (12021): Found 2 design units, including 1 entities, in source file ram_8bit.vhd
    Info (12022): Found design unit 1: ram_8bit-SYN File: C:/Proyectos/SISTEMAS EMBEBIDOS/PROYECTO_FINAL/Embebidos/RAM_8bit.vhd Line: 54
    Info (12023): Found entity 1: RAM_8bit File: C:/Proyectos/SISTEMAS EMBEBIDOS/PROYECTO_FINAL/Embebidos/RAM_8bit.vhd Line: 42
Info (12127): Elaborating entity "MiQRObio" for the top level hierarchy
Info (12128): Elaborating entity "ArchivoRegistros" for hierarchy "ArchivoRegistros:Arch"
Info (12128): Elaborating entity "ALU" for hierarchy "ArchivoRegistros:Arch|ALU:ALU_prueba" File: C:/Proyectos/SISTEMAS EMBEBIDOS/PROYECTO_FINAL/Embebidos/ArchivoRegistros.tdf Line: 19
Info (12128): Elaborating entity "RegUnivEn" for hierarchy "ArchivoRegistros:Arch|RegUnivEn:Ax" File: C:/Proyectos/SISTEMAS EMBEBIDOS/PROYECTO_FINAL/Embebidos/ArchivoRegistros.tdf Line: 27
Info (12128): Elaborating entity "RegUnivEn" for hierarchy "ArchivoRegistros:Arch|RegUnivEn:Dx" File: C:/Proyectos/SISTEMAS EMBEBIDOS/PROYECTO_FINAL/Embebidos/ArchivoRegistros.tdf Line: 30
Info (12128): Elaborating entity "RegLoad" for hierarchy "ArchivoRegistros:Arch|RegLoad:alu_x" File: C:/Proyectos/SISTEMAS EMBEBIDOS/PROYECTO_FINAL/Embebidos/ArchivoRegistros.tdf Line: 34
Info (12128): Elaborating entity "RegLoad" for hierarchy "ArchivoRegistros:Arch|RegLoad:DST" File: C:/Proyectos/SISTEMAS EMBEBIDOS/PROYECTO_FINAL/Embebidos/ArchivoRegistros.tdf Line: 39
Info (12128): Elaborating entity "RAM_8bit" for hierarchy "RAM_8bit:RAM"
Info (12128): Elaborating entity "altsyncram" for hierarchy "RAM_8bit:RAM|altsyncram:altsyncram_component" File: C:/Proyectos/SISTEMAS EMBEBIDOS/PROYECTO_FINAL/Embebidos/RAM_8bit.vhd Line: 61
Info (12130): Elaborated megafunction instantiation "RAM_8bit:RAM|altsyncram:altsyncram_component" File: C:/Proyectos/SISTEMAS EMBEBIDOS/PROYECTO_FINAL/Embebidos/RAM_8bit.vhd Line: 61
Info (12133): Instantiated megafunction "RAM_8bit:RAM|altsyncram:altsyncram_component" with the following parameter: File: C:/Proyectos/SISTEMAS EMBEBIDOS/PROYECTO_FINAL/Embebidos/RAM_8bit.vhd Line: 61
    Info (12134): Parameter "address_aclr_a" = "UNUSED"
    Info (12134): Parameter "address_aclr_b" = "NONE"
    Info (12134): Parameter "address_reg_b" = "CLOCK1"
    Info (12134): Parameter "byte_size" = "8"
    Info (12134): Parameter "byteena_aclr_a" = "UNUSED"
    Info (12134): Parameter "byteena_aclr_b" = "NONE"
    Info (12134): Parameter "byteena_reg_b" = "CLOCK1"
    Info (12134): Parameter "clock_enable_core_a" = "USE_INPUT_CLKEN"
    Info (12134): Parameter "clock_enable_core_b" = "USE_INPUT_CLKEN"
    Info (12134): Parameter "clock_enable_input_a" = "BYPASS"
    Info (12134): Parameter "clock_enable_input_b" = "NORMAL"
    Info (12134): Parameter "clock_enable_output_a" = "BYPASS"
    Info (12134): Parameter "clock_enable_output_b" = "NORMAL"
    Info (12134): Parameter "intended_device_family" = "MAX 10"
    Info (12134): Parameter "ecc_pipeline_stage_enabled" = "FALSE"
    Info (12134): Parameter "enable_ecc" = "FALSE"
    Info (12134): Parameter "implement_in_les" = "OFF"
    Info (12134): Parameter "indata_aclr_a" = "UNUSED"
    Info (12134): Parameter "indata_aclr_b" = "NONE"
    Info (12134): Parameter "indata_reg_b" = "CLOCK1"
    Info (12134): Parameter "init_file" = "UNUSED"
    Info (12134): Parameter "init_file_layout" = "PORT_A"
    Info (12134): Parameter "maximum_depth" = "0"
    Info (12134): Parameter "numwords_a" = "256"
    Info (12134): Parameter "numwords_b" = "0"
    Info (12134): Parameter "operation_mode" = "SINGLE_PORT"
    Info (12134): Parameter "outdata_aclr_a" = "NONE"
    Info (12134): Parameter "outdata_aclr_b" = "NONE"
    Info (12134): Parameter "outdata_reg_a" = "CLOCK0"
    Info (12134): Parameter "outdata_reg_b" = "UNREGISTERED"
    Info (12134): Parameter "power_up_uninitialized" = "FALSE"
    Info (12134): Parameter "ram_block_type" = "AUTO"
    Info (12134): Parameter "rdcontrol_aclr_b" = "NONE"
    Info (12134): Parameter "rdcontrol_reg_b" = "CLOCK1"
    Info (12134): Parameter "read_during_write_mode_mixed_ports" = "DONT_CARE"
    Info (12134): Parameter "read_during_write_mode_port_a" = "NEW_DATA_NO_NBE_READ"
    Info (12134): Parameter "read_during_write_mode_port_b" = "NEW_DATA_NO_NBE_READ"
    Info (12134): Parameter "stratixiv_m144k_allow_dual_clocks" = "ON"
    Info (12134): Parameter "width_a" = "8"
    Info (12134): Parameter "width_b" = "1"
    Info (12134): Parameter "width_byteena_a" = "1"
    Info (12134): Parameter "width_byteena_b" = "1"
    Info (12134): Parameter "width_eccstatus" = "3"
    Info (12134): Parameter "widthad_a" = "8"
    Info (12134): Parameter "widthad_b" = "1"
    Info (12134): Parameter "wrcontrol_aclr_a" = "UNUSED"
    Info (12134): Parameter "wrcontrol_aclr_b" = "NONE"
    Info (12134): Parameter "wrcontrol_wraddress_reg_b" = "CLOCK1"
    Info (12134): Parameter "lpm_hint" = "ENABLE_RUNTIME_MOD=NO"
    Info (12134): Parameter "lpm_type" = "altsyncram"
Info (12021): Found 1 design units, including 1 entities, in source file db/altsyncram_1jo3.tdf
    Info (12023): Found entity 1: altsyncram_1jo3 File: C:/Proyectos/SISTEMAS EMBEBIDOS/PROYECTO_FINAL/Embebidos/db/altsyncram_1jo3.tdf Line: 27
Info (12128): Elaborating entity "altsyncram_1jo3" for hierarchy "RAM_8bit:RAM|altsyncram:altsyncram_component|altsyncram_1jo3:auto_generated" File: c:/intelfpga_lite/18.1/quartus/libraries/megafunctions/altsyncram.tdf Line: 791
Info (286030): Timing-Driven Synthesis is running
Info (16010): Generating hard_block partition "hard_block:auto_generated_inst"
    Info (16011): Adding 0 node(s), including 0 DDIO, 0 PLL, 0 transceiver and 0 LCELL
Info (21057): Implemented 715 device resources after synthesis - the final resource count might be different
    Info (21058): Implemented 29 input pins
    Info (21059): Implemented 96 output pins
    Info (21061): Implemented 582 logic cells
    Info (21064): Implemented 8 RAM segments
Info: Quartus Prime Analysis & Synthesis was successful. 0 errors, 5 warnings
    Info: Peak virtual memory: 4835 megabytes
    Info: Processing ended: Tue May 09 18:44:42 2023
    Info: Elapsed time: 00:00:21
    Info: Total CPU time (on all processors): 00:00:39


